Determining if the pthread_create exist failed with the following output:
Change Dir: /src/container_catkin/src/dataset_tools/dataset_playback/qt-test/DatasetGUI/build/CMakeFiles/CMakeTmp

Run Build Command:"/usr/bin/make" "cmTC_7a24e/fast"
/usr/bin/make -f CMakeFiles/cmTC_7a24e.dir/build.make CMakeFiles/cmTC_7a24e.dir/build
make[1]: Entering directory '/src/container_catkin/src/dataset_tools/dataset_playback/qt-test/DatasetGUI/build/CMakeFiles/CMakeTmp'
Building C object CMakeFiles/cmTC_7a24e.dir/CheckSymbolExists.c.o
/usr/bin/cc    -o CMakeFiles/cmTC_7a24e.dir/CheckSymbolExists.c.o   -c /src/container_catkin/src/dataset_tools/dataset_playback/qt-test/DatasetGUI/build/CMakeFiles/CMakeTmp/CheckSymbolExists.c
Linking C executable cmTC_7a24e
/usr/bin/cmake -E cmake_link_script CMakeFiles/cmTC_7a24e.dir/link.txt --verbose=1
/usr/bin/cc      -rdynamic CMakeFiles/cmTC_7a24e.dir/CheckSymbolExists.c.o  -o cmTC_7a24e 
CMakeFiles/cmTC_7a24e.dir/CheckSymbolExists.c.o: In function `main':
CheckSymbolExists.c:(.text+0x1b): undefined reference to `pthread_create'
collect2: error: ld returned 1 exit status
CMakeFiles/cmTC_7a24e.dir/build.make:97: recipe for target 'cmTC_7a24e' failed
make[1]: *** [cmTC_7a24e] Error 1
make[1]: Leaving directory '/src/container_catkin/src/dataset_tools/dataset_playback/qt-test/DatasetGUI/build/CMakeFiles/CMakeTmp'
Makefile:126: recipe for target 'cmTC_7a24e/fast' failed
make: *** [cmTC_7a24e/fast] Error 2

File /src/container_catkin/src/dataset_tools/dataset_playback/qt-test/DatasetGUI/build/CMakeFiles/CMakeTmp/CheckSymbolExists.c:
/* */
#include <pthread.h>

int main(int argc, char** argv)
{
  (void)argv;
#ifndef pthread_create
  return ((int*)(&pthread_create))[argc];
#else
  (void)argc;
  return 0;
#endif
}

Determining if the function pthread_create exists in the pthreads failed with the following output:
Change Dir: /src/container_catkin/src/dataset_tools/dataset_playback/qt-test/DatasetGUI/build/CMakeFiles/CMakeTmp

Run Build Command:"/usr/bin/make" "cmTC_3b45f/fast"
/usr/bin/make -f CMakeFiles/cmTC_3b45f.dir/build.make CMakeFiles/cmTC_3b45f.dir/build
make[1]: Entering directory '/src/container_catkin/src/dataset_tools/dataset_playback/qt-test/DatasetGUI/build/CMakeFiles/CMakeTmp'
Building C object CMakeFiles/cmTC_3b45f.dir/CheckFunctionExists.c.o
/usr/bin/cc   -DCHECK_FUNCTION_EXISTS=pthread_create   -o CMakeFiles/cmTC_3b45f.dir/CheckFunctionExists.c.o   -c /usr/share/cmake-3.10/Modules/CheckFunctionExists.c
Linking C executable cmTC_3b45f
/usr/bin/cmake -E cmake_link_script CMakeFiles/cmTC_3b45f.dir/link.txt --verbose=1
/usr/bin/cc  -DCHECK_FUNCTION_EXISTS=pthread_create    -rdynamic CMakeFiles/cmTC_3b45f.dir/CheckFunctionExists.c.o  -o cmTC_3b45f -lpthreads 
/usr/bin/ld: cannot find -lpthreads
collect2: error: ld returned 1 exit status
CMakeFiles/cmTC_3b45f.dir/build.make:97: recipe for target 'cmTC_3b45f' failed
make[1]: *** [cmTC_3b45f] Error 1
make[1]: Leaving directory '/src/container_catkin/src/dataset_tools/dataset_playback/qt-test/DatasetGUI/build/CMakeFiles/CMakeTmp'
Makefile:126: recipe for target 'cmTC_3b45f/fast' failed
make: *** [cmTC_3b45f/fast] Error 2


